  [1m[36m (1.7ms)[0m  [1mCREATE TABLE "schema_migrations" ("version" varchar NOT NULL) [0m
  [1m[35m (0.1ms)[0m  select sqlite_version(*)
  [1m[36m (1.3ms)[0m  [1mCREATE UNIQUE INDEX "unique_schema_migrations" ON "schema_migrations" ("version")[0m
  [1m[35mActiveRecord::SchemaMigration Load (0.1ms)[0m  SELECT "schema_migrations".* FROM "schema_migrations"
Migrating to CreateTransmissions (20151029212351)
  [1m[36m (0.1ms)[0m  [1mbegin transaction[0m
  [1m[35m (0.4ms)[0m  CREATE TABLE "transmissions" ("id" INTEGER PRIMARY KEY AUTOINCREMENT NOT NULL, "created_at" datetime NOT NULL, "updated_at" datetime NOT NULL) 
  [1m[36mSQL (0.3ms)[0m  [1mINSERT INTO "schema_migrations" ("version") VALUES (?)[0m  [["version", "20151029212351"]]
  [1m[35m (1.4ms)[0m  commit transaction
Migrating to AddNameMessageIdTagToTransmission (20151029212611)
  [1m[36m (0.1ms)[0m  [1mbegin transaction[0m
  [1m[35m (0.4ms)[0m  ALTER TABLE "transmissions" ADD "name" varchar
  [1m[36m (0.2ms)[0m  [1mALTER TABLE "transmissions" ADD "message" varchar[0m
  [1m[35m (0.2ms)[0m  ALTER TABLE "transmissions" ADD "uid" varchar
  [1m[36mSQL (0.1ms)[0m  [1mINSERT INTO "schema_migrations" ("version") VALUES (?)[0m  [["version", "20151029212611"]]
  [1m[35m (1.1ms)[0m  commit transaction
  [1m[36mActiveRecord::SchemaMigration Load (0.1ms)[0m  [1mSELECT "schema_migrations".* FROM "schema_migrations"[0m
  [1m[36mActiveRecord::SchemaMigration Load (0.1ms)[0m  [1mSELECT "schema_migrations".* FROM "schema_migrations"[0m
Migrating to AddCodeNameToTransmission (20151029212855)
  [1m[35m (0.1ms)[0m  begin transaction
  [1m[36m (1.3ms)[0m  [1mALTER TABLE "transmissions" ADD "codename" varchar[0m
  [1m[35mSQL (0.2ms)[0m  INSERT INTO "schema_migrations" ("version") VALUES (?)  [["version", "20151029212855"]]
  [1m[36m (1.5ms)[0m  [1mcommit transaction[0m
  [1m[35mActiveRecord::SchemaMigration Load (0.1ms)[0m  SELECT "schema_migrations".* FROM "schema_migrations"
  [1m[36mActiveRecord::SchemaMigration Load (0.3ms)[0m  [1mSELECT "schema_migrations".* FROM "schema_migrations"[0m
Migrating to CreateUsers (20151030212639)
  [1m[35m (0.1ms)[0m  begin transaction
  [1m[36m (0.4ms)[0m  [1mCREATE TABLE "users" ("id" INTEGER PRIMARY KEY AUTOINCREMENT NOT NULL, "email" varchar, "password" varchar, "created_at" datetime NOT NULL, "updated_at" datetime NOT NULL) [0m
  [1m[35mSQL (0.3ms)[0m  INSERT INTO "schema_migrations" ("version") VALUES (?)  [["version", "20151030212639"]]
  [1m[36m (16.4ms)[0m  [1mcommit transaction[0m
  [1m[35mActiveRecord::SchemaMigration Load (0.1ms)[0m  SELECT "schema_migrations".* FROM "schema_migrations"
  [1m[36mActiveRecord::SchemaMigration Load (0.1ms)[0m  [1mSELECT "schema_migrations".* FROM "schema_migrations"[0m
  [1m[35mActiveRecord::SchemaMigration Load (0.1ms)[0m  SELECT "schema_migrations".* FROM "schema_migrations"
Migrating to CreateUsers (20151030212639)
  [1m[36m (0.1ms)[0m  [1mbegin transaction[0m
  [1m[35m (16.1ms)[0m  DROP TABLE "users"
  [1m[36mSQL (0.3ms)[0m  [1mDELETE FROM "schema_migrations" WHERE "schema_migrations"."version" = ?[0m  [["version", "20151030212639"]]
  [1m[35m (1.1ms)[0m  commit transaction
  [1m[36mActiveRecord::SchemaMigration Load (0.1ms)[0m  [1mSELECT "schema_migrations".* FROM "schema_migrations"[0m
  [1m[36mActiveRecord::SchemaMigration Load (0.1ms)[0m  [1mSELECT "schema_migrations".* FROM "schema_migrations"[0m
Migrating to CreateUsers (20151030212639)
  [1m[35m (0.1ms)[0m  begin transaction
  [1m[36m (0.4ms)[0m  [1mCREATE TABLE "users" ("id" INTEGER PRIMARY KEY AUTOINCREMENT NOT NULL, "email" varchar, "password_digest" varchar, "created_at" datetime NOT NULL, "updated_at" datetime NOT NULL) [0m
  [1m[35mSQL (0.2ms)[0m  INSERT INTO "schema_migrations" ("version") VALUES (?)  [["version", "20151030212639"]]
  [1m[36m (1.4ms)[0m  [1mcommit transaction[0m
  [1m[35mActiveRecord::SchemaMigration Load (0.1ms)[0m  SELECT "schema_migrations".* FROM "schema_migrations"
  [1m[36m (0.1ms)[0m  [1mbegin transaction[0m
  [1m[35mSQL (0.6ms)[0m  INSERT INTO "users" ("email", "password_digest", "created_at", "updated_at") VALUES (?, ?, ?, ?)  [["email", "hqkarl@gmail.com"], ["password_digest", "$2a$10$qnod5u4NZeATpt0cex5Yg.0kV.ouwgGu7d1uiO44o.CeRiPajhku."], ["created_at", "2015-10-30 21:29:42.084262"], ["updated_at", "2015-10-30 21:29:42.084262"]]
  [1m[36m (1.4ms)[0m  [1mcommit transaction[0m
  [1m[35mUser Load (0.2ms)[0m  SELECT  "users".* FROM "users"  ORDER BY "users"."id" ASC LIMIT 1
  [1m[36mUser Load (0.2ms)[0m  [1mSELECT  "users".* FROM "users"  ORDER BY "users"."id" ASC LIMIT 1[0m
  [1m[35mUser Load (0.3ms)[0m  SELECT  "users".* FROM "users"  ORDER BY "users"."id" ASC LIMIT 1
  [1m[36mUser Load (0.4ms)[0m  [1mSELECT  "users".* FROM "users"  ORDER BY "users"."id" ASC LIMIT 1[0m
  [1m[36m (0.4ms)[0m  [1mSELECT COUNT(*) FROM "transmissions"[0m
  [1m[36mActiveRecord::SchemaMigration Load (45.7ms)[0m  [1mSELECT "schema_migrations".* FROM "schema_migrations"[0m
  [1m[35m (0.1ms)[0m  begin transaction
  [1m[36mSQL (0.6ms)[0m  [1mINSERT INTO "transmissions" ("name", "message", "uid", "codename", "created_at", "updated_at") VALUES (?, ?, ?, ?, ?, ?)[0m  [["name", "synthesizing"], ["message", "Velit chirographum dolorem."], ["uid", "357157880-5"], ["codename", "00z2nbyk1ex"], ["created_at", "2015-11-18 21:23:54.086256"], ["updated_at", "2015-11-18 21:23:54.086256"]]
  [1m[35m (1.4ms)[0m  commit transaction
  [1m[36m (0.1ms)[0m  [1mbegin transaction[0m
  [1m[35mSQL (0.2ms)[0m  INSERT INTO "transmissions" ("name", "message", "uid", "codename", "created_at", "updated_at") VALUES (?, ?, ?, ?, ?, ?)  [["name", "transmitting"], ["message", "Tametsi repudiandae quis."], ["uid", "059561688-7"], ["codename", "lxh3rlu21cw"], ["created_at", "2015-11-18 21:23:54.092659"], ["updated_at", "2015-11-18 21:23:54.092659"]]
  [1m[36m (1.0ms)[0m  [1mcommit transaction[0m
  [1m[35m (0.0ms)[0m  begin transaction
  [1m[36mSQL (0.2ms)[0m  [1mINSERT INTO "transmissions" ("name", "message", "uid", "codename", "created_at", "updated_at") VALUES (?, ?, ?, ?, ?, ?)[0m  [["name", "quantifying"], ["message", "Voluptatem amor vero vesper vinitor coniecto eum."], ["uid", "659173478-3"], ["codename", "6du7u4bbt2d"], ["created_at", "2015-11-18 21:23:54.095696"], ["updated_at", "2015-11-18 21:23:54.095696"]]
  [1m[35m (1.2ms)[0m  commit transaction
  [1m[36m (0.0ms)[0m  [1mbegin transaction[0m
  [1m[35mSQL (0.2ms)[0m  INSERT INTO "transmissions" ("name", "message", "uid", "codename", "created_at", "updated_at") VALUES (?, ?, ?, ?, ?, ?)  [["name", "navigating"], ["message", "Culpo adeptio verecundia turpis aperio alioqui tenax vergo."], ["uid", "692020697-8"], ["codename", "wtebjl2fmju"], ["created_at", "2015-11-18 21:23:54.098707"], ["updated_at", "2015-11-18 21:23:54.098707"]]
  [1m[36m (1.1ms)[0m  [1mcommit transaction[0m
  [1m[35m (0.1ms)[0m  begin transaction
  [1m[36mSQL (0.2ms)[0m  [1mINSERT INTO "transmissions" ("name", "message", "uid", "codename", "created_at", "updated_at") VALUES (?, ?, ?, ?, ?, ?)[0m  [["name", "calculating"], ["message", "Suppono audeo verecundia torqueo ullam dolorem."], ["uid", "397253212-1"], ["codename", "ofihc2lsjt0"], ["created_at", "2015-11-18 21:23:54.101434"], ["updated_at", "2015-11-18 21:23:54.101434"]]
  [1m[35m (1.3ms)[0m  commit transaction
  [1m[36m (0.1ms)[0m  [1mbegin transaction[0m
  [1m[35mSQL (0.2ms)[0m  INSERT INTO "transmissions" ("name", "message", "uid", "codename", "created_at", "updated_at") VALUES (?, ?, ?, ?, ?, ?)  [["name", "synthesizing"], ["message", "Amet tolero depulso adsuesco."], ["uid", "560633081-4"], ["codename", "335cuvbqdq9"], ["created_at", "2015-11-18 21:23:54.104823"], ["updated_at", "2015-11-18 21:23:54.104823"]]
  [1m[36m (1.1ms)[0m  [1mcommit transaction[0m
  [1m[35m (0.0ms)[0m  begin transaction
  [1m[36mSQL (0.2ms)[0m  [1mINSERT INTO "transmissions" ("name", "message", "uid", "codename", "created_at", "updated_at") VALUES (?, ?, ?, ?, ?, ?)[0m  [["name", "programming"], ["message", "Curis eos ut tersus."], ["uid", "008244059-X"], ["codename", "l5sayuwr96g"], ["created_at", "2015-11-18 21:23:54.107614"], ["updated_at", "2015-11-18 21:23:54.107614"]]
  [1m[35m (1.0ms)[0m  commit transaction
  [1m[36m (0.1ms)[0m  [1mbegin transaction[0m
  [1m[35mSQL (0.2ms)[0m  INSERT INTO "transmissions" ("name", "message", "uid", "codename", "created_at", "updated_at") VALUES (?, ?, ?, ?, ?, ?)  [["name", "calculating"], ["message", "Casus adipisci tabernus deorsum."], ["uid", "139911203-1"], ["codename", "v1q5m80jtoj"], ["created_at", "2015-11-18 21:23:54.110035"], ["updated_at", "2015-11-18 21:23:54.110035"]]
  [1m[36m (1.0ms)[0m  [1mcommit transaction[0m
  [1m[35m (0.0ms)[0m  begin transaction
  [1m[36mSQL (0.2ms)[0m  [1mINSERT INTO "transmissions" ("name", "message", "uid", "codename", "created_at", "updated_at") VALUES (?, ?, ?, ?, ?, ?)[0m  [["name", "parsing"], ["message", "Inflammatio astrum voluptas alii vero perferendis autem casus."], ["uid", "273794703-0"], ["codename", "dl30k3ylge4"], ["created_at", "2015-11-18 21:23:54.113719"], ["updated_at", "2015-11-18 21:23:54.113719"]]
  [1m[35m (1.1ms)[0m  commit transaction
  [1m[36m (0.0ms)[0m  [1mbegin transaction[0m
  [1m[35mSQL (0.2ms)[0m  INSERT INTO "transmissions" ("name", "message", "uid", "codename", "created_at", "updated_at") VALUES (?, ?, ?, ?, ?, ?)  [["name", "bypassing"], ["message", "Thymum articulus tristis."], ["uid", "361208869-6"], ["codename", "ijvpy7ucpjn"], ["created_at", "2015-11-18 21:23:54.116156"], ["updated_at", "2015-11-18 21:23:54.116156"]]
  [1m[36m (1.0ms)[0m  [1mcommit transaction[0m
  [1m[36m (0.1ms)[0m  [1mSELECT COUNT(*) FROM "transmissions"[0m
  [1m[35mTransmission Load (0.2ms)[0m  SELECT  "transmissions".* FROM "transmissions"  ORDER BY "transmissions"."id" ASC LIMIT 1
  [1m[36mTransmission Load (0.4ms)[0m  [1mSELECT  "transmissions".* FROM "transmissions"  ORDER BY "transmissions"."id" ASC LIMIT 1[0m
  [1m[35mTransmission Load (0.3ms)[0m  SELECT  "transmissions".* FROM "transmissions"  ORDER BY "transmissions"."id" ASC LIMIT 1


Started GET "/transmissions" for ::1 at 2015-11-18 13:26:05 -0800
  [1m[36mActiveRecord::SchemaMigration Load (0.1ms)[0m  [1mSELECT "schema_migrations".* FROM "schema_migrations"[0m
Processing by TransmissionsController#index as HTML
  [1m[35mTransmission Load (0.2ms)[0m  SELECT "transmissions".* FROM "transmissions"
  Rendered transmissions/index.html.erb within layouts/application (7.2ms)
Completed 200 OK in 2014ms (Views: 1994.7ms | ActiveRecord: 0.5ms)


Started GET "/assets/transmissions.self-e3b0c44298fc1c149afbf4c8996fb92427ae41e4649b934ca495991b7852b855.css?body=1" for ::1 at 2015-11-18 13:26:08 -0800


Started GET "/assets/sessions.self-e3b0c44298fc1c149afbf4c8996fb92427ae41e4649b934ca495991b7852b855.css?body=1" for ::1 at 2015-11-18 13:26:08 -0800


Started GET "/assets/static.self-e3b0c44298fc1c149afbf4c8996fb92427ae41e4649b934ca495991b7852b855.css?body=1" for ::1 at 2015-11-18 13:26:08 -0800


Started GET "/assets/application.self-e80e8f2318043e8af94dddc2adad5a4f09739a8ebb323b3ab31cd71d45fd9113.css?body=1" for ::1 at 2015-11-18 13:26:08 -0800


Started GET "/assets/jquery_ujs.self-d456baa54c1fa6be2ec3711f0a72ddf7a5b2f34a6b4f515f33767d6207b7d4b3.js?body=1" for ::1 at 2015-11-18 13:26:08 -0800


Started GET "/assets/jquery.self-a714331225dda820228db323939889f149aec0127aeb06255646b616ba1ca419.js?body=1" for ::1 at 2015-11-18 13:26:08 -0800


Started GET "/assets/turbolinks.self-c37727e9bd6b2735da5c311aa83fead54ed0be6cc8bd9a65309e9c5abe2cbfff.js?body=1" for ::1 at 2015-11-18 13:26:08 -0800


Started GET "/assets/sessions.self-877aef30ae1b040ab8a3aba4e3e309a11d7f2612f44dde450b5c157aa5f95c05.js?body=1" for ::1 at 2015-11-18 13:26:08 -0800


Started GET "/assets/static.self-877aef30ae1b040ab8a3aba4e3e309a11d7f2612f44dde450b5c157aa5f95c05.js?body=1" for ::1 at 2015-11-18 13:26:08 -0800


Started GET "/assets/transmissions.self-877aef30ae1b040ab8a3aba4e3e309a11d7f2612f44dde450b5c157aa5f95c05.js?body=1" for ::1 at 2015-11-18 13:26:08 -0800


Started GET "/assets/application.self-3b8dabdc891efe46b9a144b400ad69e37d7e5876bdc39dee783419a69d7ca819.js?body=1" for ::1 at 2015-11-18 13:26:08 -0800


Started GET "/transmissions" for ::1 at 2015-11-18 13:26:22 -0800
Processing by TransmissionsController#index as HTML
  [1m[36mTransmission Load (0.2ms)[0m  [1mSELECT "transmissions".* FROM "transmissions"[0m
  Rendered transmissions/index.html.erb within layouts/application (3.3ms)
Completed 200 OK in 51ms (Views: 49.9ms | ActiveRecord: 0.2ms)


Started GET "/assets/transmissions.self-e3b0c44298fc1c149afbf4c8996fb92427ae41e4649b934ca495991b7852b855.css?body=1" for ::1 at 2015-11-18 13:26:22 -0800


Started GET "/assets/sessions.self-e3b0c44298fc1c149afbf4c8996fb92427ae41e4649b934ca495991b7852b855.css?body=1" for ::1 at 2015-11-18 13:26:22 -0800


Started GET "/assets/static.self-e3b0c44298fc1c149afbf4c8996fb92427ae41e4649b934ca495991b7852b855.css?body=1" for ::1 at 2015-11-18 13:26:22 -0800


Started GET "/assets/jquery.self-a714331225dda820228db323939889f149aec0127aeb06255646b616ba1ca419.js?body=1" for ::1 at 2015-11-18 13:26:22 -0800


Started GET "/assets/application.self-e80e8f2318043e8af94dddc2adad5a4f09739a8ebb323b3ab31cd71d45fd9113.css?body=1" for ::1 at 2015-11-18 13:26:22 -0800


Started GET "/assets/jquery_ujs.self-d456baa54c1fa6be2ec3711f0a72ddf7a5b2f34a6b4f515f33767d6207b7d4b3.js?body=1" for ::1 at 2015-11-18 13:26:22 -0800


Started GET "/assets/turbolinks.self-c37727e9bd6b2735da5c311aa83fead54ed0be6cc8bd9a65309e9c5abe2cbfff.js?body=1" for ::1 at 2015-11-18 13:26:22 -0800


Started GET "/assets/sessions.self-877aef30ae1b040ab8a3aba4e3e309a11d7f2612f44dde450b5c157aa5f95c05.js?body=1" for ::1 at 2015-11-18 13:26:22 -0800


Started GET "/assets/static.self-877aef30ae1b040ab8a3aba4e3e309a11d7f2612f44dde450b5c157aa5f95c05.js?body=1" for ::1 at 2015-11-18 13:26:22 -0800


Started GET "/assets/transmissions.self-877aef30ae1b040ab8a3aba4e3e309a11d7f2612f44dde450b5c157aa5f95c05.js?body=1" for ::1 at 2015-11-18 13:26:22 -0800


Started GET "/assets/application.self-3b8dabdc891efe46b9a144b400ad69e37d7e5876bdc39dee783419a69d7ca819.js?body=1" for ::1 at 2015-11-18 13:26:22 -0800


Started GET "/transmissions/new" for ::1 at 2015-11-18 13:28:51 -0800
  [1m[36mActiveRecord::SchemaMigration Load (0.1ms)[0m  [1mSELECT "schema_migrations".* FROM "schema_migrations"[0m
Processing by TransmissionsController#new as HTML
Completed 500 Internal Server Error in 12ms (ActiveRecord: 0.0ms)

NameError (undefined local variable or method `generate_uid' for #<TransmissionsController:0x007ff5b91a6f88>):
  app/controllers/transmissions_controller.rb:7:in `new'


  Rendered /Users/hkarl/.rvm/gems/ruby-2.1.5/gems/actionpack-4.2.4/lib/action_dispatch/middleware/templates/rescues/_source.erb (5.9ms)
  Rendered /Users/hkarl/.rvm/gems/ruby-2.1.5/gems/actionpack-4.2.4/lib/action_dispatch/middleware/templates/rescues/_trace.html.erb (2.6ms)
  Rendered /Users/hkarl/.rvm/gems/ruby-2.1.5/gems/actionpack-4.2.4/lib/action_dispatch/middleware/templates/rescues/_request_and_response.html.erb (0.8ms)
  Rendered /Users/hkarl/.rvm/gems/ruby-2.1.5/gems/actionpack-4.2.4/lib/action_dispatch/middleware/templates/rescues/diagnostics.html.erb within rescues/layout (29.4ms)
  Rendered /Users/hkarl/.rvm/gems/ruby-2.1.5/gems/web-console-2.2.1/lib/web_console/templates/_markup.html.erb (0.5ms)
  Rendered /Users/hkarl/.rvm/gems/ruby-2.1.5/gems/web-console-2.2.1/lib/web_console/templates/_inner_console_markup.html.erb within layouts/inlined_string (0.8ms)
  Rendered /Users/hkarl/.rvm/gems/ruby-2.1.5/gems/web-console-2.2.1/lib/web_console/templates/_prompt_box_markup.html.erb within layouts/inlined_string (0.3ms)
  Rendered /Users/hkarl/.rvm/gems/ruby-2.1.5/gems/web-console-2.2.1/lib/web_console/templates/style.css.erb within layouts/inlined_string (0.4ms)
  Rendered /Users/hkarl/.rvm/gems/ruby-2.1.5/gems/web-console-2.2.1/lib/web_console/templates/console.js.erb within layouts/javascript (37.6ms)
  Rendered /Users/hkarl/.rvm/gems/ruby-2.1.5/gems/web-console-2.2.1/lib/web_console/templates/main.js.erb within layouts/javascript (0.6ms)
  Rendered /Users/hkarl/.rvm/gems/ruby-2.1.5/gems/web-console-2.2.1/lib/web_console/templates/error_page.js.erb within layouts/javascript (0.4ms)
  Rendered /Users/hkarl/.rvm/gems/ruby-2.1.5/gems/web-console-2.2.1/lib/web_console/templates/index.html.erb (74.5ms)


Started GET "/transmissions/new" for ::1 at 2015-11-18 13:29:33 -0800
Processing by TransmissionsController#new as HTML
Completed 500 Internal Server Error in 3ms (ActiveRecord: 0.0ms)

NameError (undefined local variable or method `generate_uid' for #<TransmissionsController:0x007ff5b1a10910>):
  app/controllers/transmissions_controller.rb:7:in `new'


  Rendered /Users/hkarl/.rvm/gems/ruby-2.1.5/gems/actionpack-4.2.4/lib/action_dispatch/middleware/templates/rescues/_source.erb (5.6ms)
  Rendered /Users/hkarl/.rvm/gems/ruby-2.1.5/gems/actionpack-4.2.4/lib/action_dispatch/middleware/templates/rescues/_trace.html.erb (2.5ms)
  Rendered /Users/hkarl/.rvm/gems/ruby-2.1.5/gems/actionpack-4.2.4/lib/action_dispatch/middleware/templates/rescues/_request_and_response.html.erb (0.8ms)
  Rendered /Users/hkarl/.rvm/gems/ruby-2.1.5/gems/actionpack-4.2.4/lib/action_dispatch/middleware/templates/rescues/diagnostics.html.erb within rescues/layout (22.7ms)
  Rendered /Users/hkarl/.rvm/gems/ruby-2.1.5/gems/web-console-2.2.1/lib/web_console/templates/_markup.html.erb (0.3ms)
  Rendered /Users/hkarl/.rvm/gems/ruby-2.1.5/gems/web-console-2.2.1/lib/web_console/templates/_inner_console_markup.html.erb within layouts/inlined_string (0.3ms)
  Rendered /Users/hkarl/.rvm/gems/ruby-2.1.5/gems/web-console-2.2.1/lib/web_console/templates/_prompt_box_markup.html.erb within layouts/inlined_string (0.5ms)
  Rendered /Users/hkarl/.rvm/gems/ruby-2.1.5/gems/web-console-2.2.1/lib/web_console/templates/style.css.erb within layouts/inlined_string (0.3ms)
  Rendered /Users/hkarl/.rvm/gems/ruby-2.1.5/gems/web-console-2.2.1/lib/web_console/templates/console.js.erb within layouts/javascript (15.2ms)
  Rendered /Users/hkarl/.rvm/gems/ruby-2.1.5/gems/web-console-2.2.1/lib/web_console/templates/main.js.erb within layouts/javascript (0.2ms)
  Rendered /Users/hkarl/.rvm/gems/ruby-2.1.5/gems/web-console-2.2.1/lib/web_console/templates/error_page.js.erb within layouts/javascript (0.4ms)
  Rendered /Users/hkarl/.rvm/gems/ruby-2.1.5/gems/web-console-2.2.1/lib/web_console/templates/index.html.erb (28.8ms)


Started GET "/transmissions/new" for ::1 at 2015-11-18 13:29:58 -0800
Processing by TransmissionsController#new as HTML
  Rendered transmissions/new.html.erb within layouts/application (9.0ms)
Completed 500 Internal Server Error in 420ms (ActiveRecord: 0.5ms)

ActionView::Template::Error (undefined local variable or method `session_path' for #<#<Class:0x007ff5b1a0b140>:0x007ff5b1a09b88>):
    1: <%= form_for @user, {url: session_path} do |f| %>
    2: 		<p><%= f.text_field :email, placeholder: "email" %>
    3: 		<%= f.password_field :password, placeholder: "password" %></p>
    4: 		<p><%= f.submit "Log In" %></p>
  app/views/transmissions/new.html.erb:1:in `_app_views_transmissions_new_html_erb__122458088199126169_70346611890560'


  Rendered /Users/hkarl/.rvm/gems/ruby-2.1.5/gems/actionpack-4.2.4/lib/action_dispatch/middleware/templates/rescues/_source.erb (7.4ms)
  Rendered /Users/hkarl/.rvm/gems/ruby-2.1.5/gems/actionpack-4.2.4/lib/action_dispatch/middleware/templates/rescues/_trace.html.erb (2.5ms)
  Rendered /Users/hkarl/.rvm/gems/ruby-2.1.5/gems/actionpack-4.2.4/lib/action_dispatch/middleware/templates/rescues/_request_and_response.html.erb (0.7ms)
  Rendered /Users/hkarl/.rvm/gems/ruby-2.1.5/gems/actionpack-4.2.4/lib/action_dispatch/middleware/templates/rescues/template_error.html.erb within rescues/layout (23.0ms)
  Rendered /Users/hkarl/.rvm/gems/ruby-2.1.5/gems/web-console-2.2.1/lib/web_console/templates/_markup.html.erb (0.2ms)
  Rendered /Users/hkarl/.rvm/gems/ruby-2.1.5/gems/web-console-2.2.1/lib/web_console/templates/_inner_console_markup.html.erb within layouts/inlined_string (0.2ms)
  Rendered /Users/hkarl/.rvm/gems/ruby-2.1.5/gems/web-console-2.2.1/lib/web_console/templates/_prompt_box_markup.html.erb within layouts/inlined_string (0.2ms)
  Rendered /Users/hkarl/.rvm/gems/ruby-2.1.5/gems/web-console-2.2.1/lib/web_console/templates/style.css.erb within layouts/inlined_string (0.3ms)
  Rendered /Users/hkarl/.rvm/gems/ruby-2.1.5/gems/web-console-2.2.1/lib/web_console/templates/console.js.erb within layouts/javascript (14.9ms)
  Rendered /Users/hkarl/.rvm/gems/ruby-2.1.5/gems/web-console-2.2.1/lib/web_console/templates/main.js.erb within layouts/javascript (0.3ms)
  Rendered /Users/hkarl/.rvm/gems/ruby-2.1.5/gems/web-console-2.2.1/lib/web_console/templates/error_page.js.erb within layouts/javascript (0.4ms)
  Rendered /Users/hkarl/.rvm/gems/ruby-2.1.5/gems/web-console-2.2.1/lib/web_console/templates/index.html.erb (29.8ms)


Started GET "/transmissions/new" for ::1 at 2015-11-18 13:31:19 -0800
Processing by TransmissionsController#new as HTML
  Rendered transmissions/new.html.erb within layouts/application (1.9ms)
Completed 500 Internal Server Error in 4ms (ActiveRecord: 0.0ms)

ActionView::Template::Error (no implicit conversion of Symbol into Integer):
    1: <%= form_for @transmission, new_transmission_path do |f| %>
    2: 		<p><%= f.text_field :uid%>
    3: 		<%= f.text_field :code_name %></p>
    4: 		<p><%= f.submit "pow" %></p>
  app/views/transmissions/new.html.erb:1:in `_app_views_transmissions_new_html_erb__122458088199126169_70346676451860'


  Rendered /Users/hkarl/.rvm/gems/ruby-2.1.5/gems/actionpack-4.2.4/lib/action_dispatch/middleware/templates/rescues/_source.erb (6.5ms)
  Rendered /Users/hkarl/.rvm/gems/ruby-2.1.5/gems/actionpack-4.2.4/lib/action_dispatch/middleware/templates/rescues/_trace.html.erb (2.5ms)
  Rendered /Users/hkarl/.rvm/gems/ruby-2.1.5/gems/actionpack-4.2.4/lib/action_dispatch/middleware/templates/rescues/_request_and_response.html.erb (0.8ms)
  Rendered /Users/hkarl/.rvm/gems/ruby-2.1.5/gems/actionpack-4.2.4/lib/action_dispatch/middleware/templates/rescues/template_error.html.erb within rescues/layout (20.0ms)
  Rendered /Users/hkarl/.rvm/gems/ruby-2.1.5/gems/web-console-2.2.1/lib/web_console/templates/_markup.html.erb (0.2ms)
  Rendered /Users/hkarl/.rvm/gems/ruby-2.1.5/gems/web-console-2.2.1/lib/web_console/templates/_inner_console_markup.html.erb within layouts/inlined_string (0.2ms)
  Rendered /Users/hkarl/.rvm/gems/ruby-2.1.5/gems/web-console-2.2.1/lib/web_console/templates/_prompt_box_markup.html.erb within layouts/inlined_string (0.2ms)
  Rendered /Users/hkarl/.rvm/gems/ruby-2.1.5/gems/web-console-2.2.1/lib/web_console/templates/style.css.erb within layouts/inlined_string (0.2ms)
  Rendered /Users/hkarl/.rvm/gems/ruby-2.1.5/gems/web-console-2.2.1/lib/web_console/templates/console.js.erb within layouts/javascript (12.8ms)
  Rendered /Users/hkarl/.rvm/gems/ruby-2.1.5/gems/web-console-2.2.1/lib/web_console/templates/main.js.erb within layouts/javascript (0.2ms)
  Rendered /Users/hkarl/.rvm/gems/ruby-2.1.5/gems/web-console-2.2.1/lib/web_console/templates/error_page.js.erb within layouts/javascript (0.3ms)
  Rendered /Users/hkarl/.rvm/gems/ruby-2.1.5/gems/web-console-2.2.1/lib/web_console/templates/index.html.erb (25.9ms)


Started GET "/transmissions/new" for ::1 at 2015-11-18 13:31:54 -0800
Processing by TransmissionsController#new as HTML
  Rendered transmissions/new.html.erb within layouts/application (1.3ms)
Completed 500 Internal Server Error in 9ms (ActiveRecord: 0.5ms)

ActionView::Template::Error (no implicit conversion of Symbol into Integer):
    1: <%= form_for @transmission, new_transmission_path do |f| %>
    2: 		<p><%= f.text_field :uid%>
    3: 		<%= f.text_field :code_name %></p>
    4: 		<p><%= f.submit "pow" %></p>
  app/views/transmissions/new.html.erb:1:in `_app_views_transmissions_new_html_erb__122458088199126169_70346676451860'


  Rendered /Users/hkarl/.rvm/gems/ruby-2.1.5/gems/actionpack-4.2.4/lib/action_dispatch/middleware/templates/rescues/_source.erb (7.4ms)
  Rendered /Users/hkarl/.rvm/gems/ruby-2.1.5/gems/actionpack-4.2.4/lib/action_dispatch/middleware/templates/rescues/_trace.html.erb (2.9ms)
  Rendered /Users/hkarl/.rvm/gems/ruby-2.1.5/gems/actionpack-4.2.4/lib/action_dispatch/middleware/templates/rescues/_request_and_response.html.erb (0.8ms)
  Rendered /Users/hkarl/.rvm/gems/ruby-2.1.5/gems/actionpack-4.2.4/lib/action_dispatch/middleware/templates/rescues/template_error.html.erb within rescues/layout (21.3ms)
  Rendered /Users/hkarl/.rvm/gems/ruby-2.1.5/gems/web-console-2.2.1/lib/web_console/templates/_markup.html.erb (0.2ms)
  Rendered /Users/hkarl/.rvm/gems/ruby-2.1.5/gems/web-console-2.2.1/lib/web_console/templates/_inner_console_markup.html.erb within layouts/inlined_string (0.2ms)
  Rendered /Users/hkarl/.rvm/gems/ruby-2.1.5/gems/web-console-2.2.1/lib/web_console/templates/_prompt_box_markup.html.erb within layouts/inlined_string (0.2ms)
  Rendered /Users/hkarl/.rvm/gems/ruby-2.1.5/gems/web-console-2.2.1/lib/web_console/templates/style.css.erb within layouts/inlined_string (0.3ms)
  Rendered /Users/hkarl/.rvm/gems/ruby-2.1.5/gems/web-console-2.2.1/lib/web_console/templates/console.js.erb within layouts/javascript (12.2ms)
  Rendered /Users/hkarl/.rvm/gems/ruby-2.1.5/gems/web-console-2.2.1/lib/web_console/templates/main.js.erb within layouts/javascript (0.5ms)
  Rendered /Users/hkarl/.rvm/gems/ruby-2.1.5/gems/web-console-2.2.1/lib/web_console/templates/error_page.js.erb within layouts/javascript (0.5ms)
  Rendered /Users/hkarl/.rvm/gems/ruby-2.1.5/gems/web-console-2.2.1/lib/web_console/templates/index.html.erb (28.5ms)


Started GET "/transmissions/new" for ::1 at 2015-11-18 13:32:21 -0800
Processing by TransmissionsController#new as HTML
  Rendered transmissions/new.html.erb within layouts/application (1.9ms)
Completed 500 Internal Server Error in 4ms (ActiveRecord: 0.0ms)

ActionView::Template::Error (no implicit conversion of Symbol into Integer):
    1: <% form_for @transmission, new_transmission_path do |f| %>
    2: 		<p><%= f.text_field :uid%>
    3: 		<%= f.text_field :code_name %></p>
    4: 		<p><%= f.submit "pow" %></p>
  app/views/transmissions/new.html.erb:1:in `_app_views_transmissions_new_html_erb__122458088199126169_70346618053420'


  Rendered /Users/hkarl/.rvm/gems/ruby-2.1.5/gems/actionpack-4.2.4/lib/action_dispatch/middleware/templates/rescues/_source.erb (6.2ms)
  Rendered /Users/hkarl/.rvm/gems/ruby-2.1.5/gems/actionpack-4.2.4/lib/action_dispatch/middleware/templates/rescues/_trace.html.erb (2.4ms)
  Rendered /Users/hkarl/.rvm/gems/ruby-2.1.5/gems/actionpack-4.2.4/lib/action_dispatch/middleware/templates/rescues/_request_and_response.html.erb (0.7ms)
  Rendered /Users/hkarl/.rvm/gems/ruby-2.1.5/gems/actionpack-4.2.4/lib/action_dispatch/middleware/templates/rescues/template_error.html.erb within rescues/layout (19.1ms)
  Rendered /Users/hkarl/.rvm/gems/ruby-2.1.5/gems/web-console-2.2.1/lib/web_console/templates/_markup.html.erb (0.2ms)
  Rendered /Users/hkarl/.rvm/gems/ruby-2.1.5/gems/web-console-2.2.1/lib/web_console/templates/_inner_console_markup.html.erb within layouts/inlined_string (0.2ms)
  Rendered /Users/hkarl/.rvm/gems/ruby-2.1.5/gems/web-console-2.2.1/lib/web_console/templates/_prompt_box_markup.html.erb within layouts/inlined_string (0.2ms)
  Rendered /Users/hkarl/.rvm/gems/ruby-2.1.5/gems/web-console-2.2.1/lib/web_console/templates/style.css.erb within layouts/inlined_string (0.2ms)
  Rendered /Users/hkarl/.rvm/gems/ruby-2.1.5/gems/web-console-2.2.1/lib/web_console/templates/console.js.erb within layouts/javascript (12.2ms)
  Rendered /Users/hkarl/.rvm/gems/ruby-2.1.5/gems/web-console-2.2.1/lib/web_console/templates/main.js.erb within layouts/javascript (0.2ms)
  Rendered /Users/hkarl/.rvm/gems/ruby-2.1.5/gems/web-console-2.2.1/lib/web_console/templates/error_page.js.erb within layouts/javascript (0.3ms)
  Rendered /Users/hkarl/.rvm/gems/ruby-2.1.5/gems/web-console-2.2.1/lib/web_console/templates/index.html.erb (26.9ms)


Started GET "/transmissions/new" for ::1 at 2015-11-18 13:32:32 -0800
Processing by TransmissionsController#new as HTML
  Rendered transmissions/new.html.erb within layouts/application (1.7ms)
Completed 500 Internal Server Error in 4ms (ActiveRecord: 0.0ms)

ActionView::Template::Error (no implicit conversion of Symbol into Integer):
    1: <% form_for @transmission, new_transmission_path do |f| %>
    2: 
    3: 		<p><%= f.submit "pow" %></p>
    4: 
  app/views/transmissions/new.html.erb:1:in `_app_views_transmissions_new_html_erb__122458088199126169_70346695901900'


  Rendered /Users/hkarl/.rvm/gems/ruby-2.1.5/gems/actionpack-4.2.4/lib/action_dispatch/middleware/templates/rescues/_source.erb (7.0ms)
  Rendered /Users/hkarl/.rvm/gems/ruby-2.1.5/gems/actionpack-4.2.4/lib/action_dispatch/middleware/templates/rescues/_trace.html.erb (2.6ms)
  Rendered /Users/hkarl/.rvm/gems/ruby-2.1.5/gems/actionpack-4.2.4/lib/action_dispatch/middleware/templates/rescues/_request_and_response.html.erb (0.7ms)
  Rendered /Users/hkarl/.rvm/gems/ruby-2.1.5/gems/actionpack-4.2.4/lib/action_dispatch/middleware/templates/rescues/template_error.html.erb within rescues/layout (20.3ms)
  Rendered /Users/hkarl/.rvm/gems/ruby-2.1.5/gems/web-console-2.2.1/lib/web_console/templates/_markup.html.erb (0.5ms)
  Rendered /Users/hkarl/.rvm/gems/ruby-2.1.5/gems/web-console-2.2.1/lib/web_console/templates/_inner_console_markup.html.erb within layouts/inlined_string (0.3ms)
  Rendered /Users/hkarl/.rvm/gems/ruby-2.1.5/gems/web-console-2.2.1/lib/web_console/templates/_prompt_box_markup.html.erb within layouts/inlined_string (0.2ms)
  Rendered /Users/hkarl/.rvm/gems/ruby-2.1.5/gems/web-console-2.2.1/lib/web_console/templates/style.css.erb within layouts/inlined_string (0.3ms)
  Rendered /Users/hkarl/.rvm/gems/ruby-2.1.5/gems/web-console-2.2.1/lib/web_console/templates/console.js.erb within layouts/javascript (13.3ms)
  Rendered /Users/hkarl/.rvm/gems/ruby-2.1.5/gems/web-console-2.2.1/lib/web_console/templates/main.js.erb within layouts/javascript (0.3ms)
  Rendered /Users/hkarl/.rvm/gems/ruby-2.1.5/gems/web-console-2.2.1/lib/web_console/templates/error_page.js.erb within layouts/javascript (0.3ms)
  Rendered /Users/hkarl/.rvm/gems/ruby-2.1.5/gems/web-console-2.2.1/lib/web_console/templates/index.html.erb (29.8ms)


Started GET "/transmissions/new" for ::1 at 2015-11-18 13:32:45 -0800
Processing by TransmissionsController#new as HTML
  Rendered transmissions/new.html.erb within layouts/application (1.3ms)
Completed 200 OK in 178ms (Views: 177.7ms | ActiveRecord: 0.0ms)


Started GET "/assets/sessions.self-e3b0c44298fc1c149afbf4c8996fb92427ae41e4649b934ca495991b7852b855.css?body=1" for ::1 at 2015-11-18 13:32:45 -0800


Started GET "/assets/application.self-e80e8f2318043e8af94dddc2adad5a4f09739a8ebb323b3ab31cd71d45fd9113.css?body=1" for ::1 at 2015-11-18 13:32:45 -0800


Started GET "/assets/jquery_ujs.self-d456baa54c1fa6be2ec3711f0a72ddf7a5b2f34a6b4f515f33767d6207b7d4b3.js?body=1" for ::1 at 2015-11-18 13:32:45 -0800


Started GET "/assets/jquery.self-a714331225dda820228db323939889f149aec0127aeb06255646b616ba1ca419.js?body=1" for ::1 at 2015-11-18 13:32:45 -0800


Started GET "/assets/transmissions.self-e3b0c44298fc1c149afbf4c8996fb92427ae41e4649b934ca495991b7852b855.css?body=1" for ::1 at 2015-11-18 13:32:45 -0800


Started GET "/assets/static.self-e3b0c44298fc1c149afbf4c8996fb92427ae41e4649b934ca495991b7852b855.css?body=1" for ::1 at 2015-11-18 13:32:45 -0800


Started GET "/assets/turbolinks.self-c37727e9bd6b2735da5c311aa83fead54ed0be6cc8bd9a65309e9c5abe2cbfff.js?body=1" for ::1 at 2015-11-18 13:32:45 -0800


Started GET "/assets/sessions.self-877aef30ae1b040ab8a3aba4e3e309a11d7f2612f44dde450b5c157aa5f95c05.js?body=1" for ::1 at 2015-11-18 13:32:45 -0800


Started GET "/assets/static.self-877aef30ae1b040ab8a3aba4e3e309a11d7f2612f44dde450b5c157aa5f95c05.js?body=1" for ::1 at 2015-11-18 13:32:45 -0800


Started GET "/assets/transmissions.self-877aef30ae1b040ab8a3aba4e3e309a11d7f2612f44dde450b5c157aa5f95c05.js?body=1" for ::1 at 2015-11-18 13:32:45 -0800


Started GET "/assets/application.self-3b8dabdc891efe46b9a144b400ad69e37d7e5876bdc39dee783419a69d7ca819.js?body=1" for ::1 at 2015-11-18 13:32:45 -0800


Started GET "/transmissions/new" for ::1 at 2015-11-18 13:32:56 -0800
Processing by TransmissionsController#new as HTML
  Rendered transmissions/new.html.erb within layouts/application (37.5ms)
Completed 500 Internal Server Error in 40ms (ActiveRecord: 0.0ms)

ActionView::Template::Error (undefined method `code_name' for #<Transmission:0x007ff5b8706f88>):
    1: <% form_for @transmission do |f| %>
    2: 		<p><%= f.text_field :uid%>
    3: 		<%= f.text_field :code_name %></p>
    4: 		<p><%= f.submit "pow" %></p>
    5: 
    6: 
  app/views/transmissions/new.html.erb:3:in `block in _app_views_transmissions_new_html_erb__122458088199126169_70346669042240'
  app/views/transmissions/new.html.erb:1:in `_app_views_transmissions_new_html_erb__122458088199126169_70346669042240'


  Rendered /Users/hkarl/.rvm/gems/ruby-2.1.5/gems/actionpack-4.2.4/lib/action_dispatch/middleware/templates/rescues/_source.erb (8.2ms)
  Rendered /Users/hkarl/.rvm/gems/ruby-2.1.5/gems/actionpack-4.2.4/lib/action_dispatch/middleware/templates/rescues/_trace.html.erb (3.2ms)
  Rendered /Users/hkarl/.rvm/gems/ruby-2.1.5/gems/actionpack-4.2.4/lib/action_dispatch/middleware/templates/rescues/_request_and_response.html.erb (0.9ms)
  Rendered /Users/hkarl/.rvm/gems/ruby-2.1.5/gems/actionpack-4.2.4/lib/action_dispatch/middleware/templates/rescues/template_error.html.erb within rescues/layout (23.0ms)
  Rendered /Users/hkarl/.rvm/gems/ruby-2.1.5/gems/web-console-2.2.1/lib/web_console/templates/_markup.html.erb (0.3ms)
  Rendered /Users/hkarl/.rvm/gems/ruby-2.1.5/gems/web-console-2.2.1/lib/web_console/templates/_inner_console_markup.html.erb within layouts/inlined_string (0.2ms)
  Rendered /Users/hkarl/.rvm/gems/ruby-2.1.5/gems/web-console-2.2.1/lib/web_console/templates/_prompt_box_markup.html.erb within layouts/inlined_string (0.2ms)
  Rendered /Users/hkarl/.rvm/gems/ruby-2.1.5/gems/web-console-2.2.1/lib/web_console/templates/style.css.erb within layouts/inlined_string (0.3ms)
  Rendered /Users/hkarl/.rvm/gems/ruby-2.1.5/gems/web-console-2.2.1/lib/web_console/templates/console.js.erb within layouts/javascript (12.8ms)
  Rendered /Users/hkarl/.rvm/gems/ruby-2.1.5/gems/web-console-2.2.1/lib/web_console/templates/main.js.erb within layouts/javascript (0.3ms)
  Rendered /Users/hkarl/.rvm/gems/ruby-2.1.5/gems/web-console-2.2.1/lib/web_console/templates/error_page.js.erb within layouts/javascript (0.4ms)
  Rendered /Users/hkarl/.rvm/gems/ruby-2.1.5/gems/web-console-2.2.1/lib/web_console/templates/index.html.erb (27.6ms)


Started GET "/transmissions/new" for ::1 at 2015-11-18 13:33:21 -0800
Processing by TransmissionsController#new as HTML
  Rendered transmissions/new.html.erb within layouts/application (1.0ms)
Completed 200 OK in 89ms (Views: 88.9ms | ActiveRecord: 0.0ms)


Started GET "/assets/sessions.self-e3b0c44298fc1c149afbf4c8996fb92427ae41e4649b934ca495991b7852b855.css?body=1" for ::1 at 2015-11-18 13:33:21 -0800


Started GET "/assets/static.self-e3b0c44298fc1c149afbf4c8996fb92427ae41e4649b934ca495991b7852b855.css?body=1" for ::1 at 2015-11-18 13:33:21 -0800


Started GET "/assets/application.self-e80e8f2318043e8af94dddc2adad5a4f09739a8ebb323b3ab31cd71d45fd9113.css?body=1" for ::1 at 2015-11-18 13:33:21 -0800


Started GET "/assets/jquery.self-a714331225dda820228db323939889f149aec0127aeb06255646b616ba1ca419.js?body=1" for ::1 at 2015-11-18 13:33:21 -0800


Started GET "/assets/transmissions.self-e3b0c44298fc1c149afbf4c8996fb92427ae41e4649b934ca495991b7852b855.css?body=1" for ::1 at 2015-11-18 13:33:21 -0800


Started GET "/assets/jquery_ujs.self-d456baa54c1fa6be2ec3711f0a72ddf7a5b2f34a6b4f515f33767d6207b7d4b3.js?body=1" for ::1 at 2015-11-18 13:33:21 -0800


Started GET "/assets/turbolinks.self-c37727e9bd6b2735da5c311aa83fead54ed0be6cc8bd9a65309e9c5abe2cbfff.js?body=1" for ::1 at 2015-11-18 13:33:21 -0800


Started GET "/assets/sessions.self-877aef30ae1b040ab8a3aba4e3e309a11d7f2612f44dde450b5c157aa5f95c05.js?body=1" for ::1 at 2015-11-18 13:33:21 -0800


Started GET "/assets/static.self-877aef30ae1b040ab8a3aba4e3e309a11d7f2612f44dde450b5c157aa5f95c05.js?body=1" for ::1 at 2015-11-18 13:33:21 -0800


Started GET "/assets/transmissions.self-877aef30ae1b040ab8a3aba4e3e309a11d7f2612f44dde450b5c157aa5f95c05.js?body=1" for ::1 at 2015-11-18 13:33:21 -0800


Started GET "/assets/application.self-3b8dabdc891efe46b9a144b400ad69e37d7e5876bdc39dee783419a69d7ca819.js?body=1" for ::1 at 2015-11-18 13:33:21 -0800


Started GET "/transmissions/new" for ::1 at 2015-11-18 13:33:27 -0800
Processing by TransmissionsController#new as HTML
  Rendered transmissions/new.html.erb within layouts/application (1.1ms)
Completed 200 OK in 54ms (Views: 53.5ms | ActiveRecord: 0.0ms)


Started GET "/assets/sessions.self-e3b0c44298fc1c149afbf4c8996fb92427ae41e4649b934ca495991b7852b855.css?body=1" for ::1 at 2015-11-18 13:33:27 -0800


Started GET "/assets/static.self-e3b0c44298fc1c149afbf4c8996fb92427ae41e4649b934ca495991b7852b855.css?body=1" for ::1 at 2015-11-18 13:33:27 -0800


Started GET "/assets/application.self-e80e8f2318043e8af94dddc2adad5a4f09739a8ebb323b3ab31cd71d45fd9113.css?body=1" for ::1 at 2015-11-18 13:33:27 -0800


Started GET "/assets/transmissions.self-e3b0c44298fc1c149afbf4c8996fb92427ae41e4649b934ca495991b7852b855.css?body=1" for ::1 at 2015-11-18 13:33:27 -0800


Started GET "/assets/jquery.self-a714331225dda820228db323939889f149aec0127aeb06255646b616ba1ca419.js?body=1" for ::1 at 2015-11-18 13:33:27 -0800


Started GET "/assets/jquery_ujs.self-d456baa54c1fa6be2ec3711f0a72ddf7a5b2f34a6b4f515f33767d6207b7d4b3.js?body=1" for ::1 at 2015-11-18 13:33:27 -0800


Started GET "/assets/turbolinks.self-c37727e9bd6b2735da5c311aa83fead54ed0be6cc8bd9a65309e9c5abe2cbfff.js?body=1" for ::1 at 2015-11-18 13:33:27 -0800


Started GET "/assets/sessions.self-877aef30ae1b040ab8a3aba4e3e309a11d7f2612f44dde450b5c157aa5f95c05.js?body=1" for ::1 at 2015-11-18 13:33:27 -0800


Started GET "/assets/static.self-877aef30ae1b040ab8a3aba4e3e309a11d7f2612f44dde450b5c157aa5f95c05.js?body=1" for ::1 at 2015-11-18 13:33:27 -0800


Started GET "/assets/transmissions.self-877aef30ae1b040ab8a3aba4e3e309a11d7f2612f44dde450b5c157aa5f95c05.js?body=1" for ::1 at 2015-11-18 13:33:27 -0800


Started GET "/assets/application.self-3b8dabdc891efe46b9a144b400ad69e37d7e5876bdc39dee783419a69d7ca819.js?body=1" for ::1 at 2015-11-18 13:33:27 -0800


Started GET "/transmissions/new" for ::1 at 2015-11-18 13:33:44 -0800
Processing by TransmissionsController#new as HTML
  Rendered transmissions/new.html.erb within layouts/application (1.2ms)
Completed 200 OK in 46ms (Views: 44.9ms | ActiveRecord: 0.0ms)


Started GET "/assets/sessions.self-e3b0c44298fc1c149afbf4c8996fb92427ae41e4649b934ca495991b7852b855.css?body=1" for ::1 at 2015-11-18 13:33:44 -0800


Started GET "/assets/static.self-e3b0c44298fc1c149afbf4c8996fb92427ae41e4649b934ca495991b7852b855.css?body=1" for ::1 at 2015-11-18 13:33:44 -0800


Started GET "/assets/transmissions.self-e3b0c44298fc1c149afbf4c8996fb92427ae41e4649b934ca495991b7852b855.css?body=1" for ::1 at 2015-11-18 13:33:44 -0800


Started GET "/assets/jquery.self-a714331225dda820228db323939889f149aec0127aeb06255646b616ba1ca419.js?body=1" for ::1 at 2015-11-18 13:33:44 -0800


Started GET "/assets/application.self-e80e8f2318043e8af94dddc2adad5a4f09739a8ebb323b3ab31cd71d45fd9113.css?body=1" for ::1 at 2015-11-18 13:33:44 -0800


Started GET "/assets/jquery_ujs.self-d456baa54c1fa6be2ec3711f0a72ddf7a5b2f34a6b4f515f33767d6207b7d4b3.js?body=1" for ::1 at 2015-11-18 13:33:44 -0800


Started GET "/assets/turbolinks.self-c37727e9bd6b2735da5c311aa83fead54ed0be6cc8bd9a65309e9c5abe2cbfff.js?body=1" for ::1 at 2015-11-18 13:33:44 -0800


Started GET "/assets/sessions.self-877aef30ae1b040ab8a3aba4e3e309a11d7f2612f44dde450b5c157aa5f95c05.js?body=1" for ::1 at 2015-11-18 13:33:44 -0800


Started GET "/assets/static.self-877aef30ae1b040ab8a3aba4e3e309a11d7f2612f44dde450b5c157aa5f95c05.js?body=1" for ::1 at 2015-11-18 13:33:44 -0800


Started GET "/assets/transmissions.self-877aef30ae1b040ab8a3aba4e3e309a11d7f2612f44dde450b5c157aa5f95c05.js?body=1" for ::1 at 2015-11-18 13:33:44 -0800


Started GET "/assets/application.self-3b8dabdc891efe46b9a144b400ad69e37d7e5876bdc39dee783419a69d7ca819.js?body=1" for ::1 at 2015-11-18 13:33:44 -0800


Started GET "/transmissions/new" for ::1 at 2015-11-18 13:33:51 -0800
Processing by TransmissionsController#new as HTML
  Rendered transmissions/new.html.erb within layouts/application (1.2ms)
Completed 200 OK in 62ms (Views: 56.2ms | ActiveRecord: 0.5ms)


Started GET "/assets/static.self-e3b0c44298fc1c149afbf4c8996fb92427ae41e4649b934ca495991b7852b855.css?body=1" for ::1 at 2015-11-18 13:33:51 -0800


Started GET "/assets/sessions.self-e3b0c44298fc1c149afbf4c8996fb92427ae41e4649b934ca495991b7852b855.css?body=1" for ::1 at 2015-11-18 13:33:51 -0800


Started GET "/assets/application.self-e80e8f2318043e8af94dddc2adad5a4f09739a8ebb323b3ab31cd71d45fd9113.css?body=1" for ::1 at 2015-11-18 13:33:51 -0800


Started GET "/assets/jquery.self-a714331225dda820228db323939889f149aec0127aeb06255646b616ba1ca419.js?body=1" for ::1 at 2015-11-18 13:33:51 -0800


Started GET "/assets/transmissions.self-e3b0c44298fc1c149afbf4c8996fb92427ae41e4649b934ca495991b7852b855.css?body=1" for ::1 at 2015-11-18 13:33:51 -0800


Started GET "/assets/jquery_ujs.self-d456baa54c1fa6be2ec3711f0a72ddf7a5b2f34a6b4f515f33767d6207b7d4b3.js?body=1" for ::1 at 2015-11-18 13:33:51 -0800


Started GET "/assets/turbolinks.self-c37727e9bd6b2735da5c311aa83fead54ed0be6cc8bd9a65309e9c5abe2cbfff.js?body=1" for ::1 at 2015-11-18 13:33:51 -0800


Started GET "/assets/sessions.self-877aef30ae1b040ab8a3aba4e3e309a11d7f2612f44dde450b5c157aa5f95c05.js?body=1" for ::1 at 2015-11-18 13:33:51 -0800


Started GET "/assets/static.self-877aef30ae1b040ab8a3aba4e3e309a11d7f2612f44dde450b5c157aa5f95c05.js?body=1" for ::1 at 2015-11-18 13:33:51 -0800


Started GET "/assets/transmissions.self-877aef30ae1b040ab8a3aba4e3e309a11d7f2612f44dde450b5c157aa5f95c05.js?body=1" for ::1 at 2015-11-18 13:33:51 -0800


Started GET "/assets/application.self-3b8dabdc891efe46b9a144b400ad69e37d7e5876bdc39dee783419a69d7ca819.js?body=1" for ::1 at 2015-11-18 13:33:51 -0800


Started GET "/transmissions/new" for ::1 at 2015-11-18 13:33:52 -0800
Processing by TransmissionsController#new as HTML
  Rendered transmissions/new.html.erb within layouts/application (0.7ms)
Completed 200 OK in 46ms (Views: 45.4ms | ActiveRecord: 0.0ms)


Started GET "/assets/static.self-e3b0c44298fc1c149afbf4c8996fb92427ae41e4649b934ca495991b7852b855.css?body=1" for ::1 at 2015-11-18 13:33:52 -0800


Started GET "/assets/transmissions.self-e3b0c44298fc1c149afbf4c8996fb92427ae41e4649b934ca495991b7852b855.css?body=1" for ::1 at 2015-11-18 13:33:52 -0800


Started GET "/assets/application.self-e80e8f2318043e8af94dddc2adad5a4f09739a8ebb323b3ab31cd71d45fd9113.css?body=1" for ::1 at 2015-11-18 13:33:52 -0800


Started GET "/assets/jquery.self-a714331225dda820228db323939889f149aec0127aeb06255646b616ba1ca419.js?body=1" for ::1 at 2015-11-18 13:33:52 -0800


Started GET "/assets/sessions.self-e3b0c44298fc1c149afbf4c8996fb92427ae41e4649b934ca495991b7852b855.css?body=1" for ::1 at 2015-11-18 13:33:52 -0800


Started GET "/assets/jquery_ujs.self-d456baa54c1fa6be2ec3711f0a72ddf7a5b2f34a6b4f515f33767d6207b7d4b3.js?body=1" for ::1 at 2015-11-18 13:33:52 -0800


Started GET "/assets/turbolinks.self-c37727e9bd6b2735da5c311aa83fead54ed0be6cc8bd9a65309e9c5abe2cbfff.js?body=1" for ::1 at 2015-11-18 13:33:52 -0800


Started GET "/assets/sessions.self-877aef30ae1b040ab8a3aba4e3e309a11d7f2612f44dde450b5c157aa5f95c05.js?body=1" for ::1 at 2015-11-18 13:33:52 -0800


Started GET "/assets/static.self-877aef30ae1b040ab8a3aba4e3e309a11d7f2612f44dde450b5c157aa5f95c05.js?body=1" for ::1 at 2015-11-18 13:33:52 -0800


Started GET "/assets/transmissions.self-877aef30ae1b040ab8a3aba4e3e309a11d7f2612f44dde450b5c157aa5f95c05.js?body=1" for ::1 at 2015-11-18 13:33:52 -0800


Started GET "/assets/application.self-3b8dabdc891efe46b9a144b400ad69e37d7e5876bdc39dee783419a69d7ca819.js?body=1" for ::1 at 2015-11-18 13:33:52 -0800


Started GET "/transmissions/new" for ::1 at 2015-11-18 13:33:53 -0800
Processing by TransmissionsController#new as HTML
  Rendered transmissions/new.html.erb within layouts/application (0.8ms)
Completed 200 OK in 69ms (Views: 67.4ms | ActiveRecord: 0.0ms)


Started GET "/assets/sessions.self-e3b0c44298fc1c149afbf4c8996fb92427ae41e4649b934ca495991b7852b855.css?body=1" for ::1 at 2015-11-18 13:33:53 -0800


Started GET "/assets/application.self-e80e8f2318043e8af94dddc2adad5a4f09739a8ebb323b3ab31cd71d45fd9113.css?body=1" for ::1 at 2015-11-18 13:33:53 -0800


Started GET "/assets/transmissions.self-e3b0c44298fc1c149afbf4c8996fb92427ae41e4649b934ca495991b7852b855.css?body=1" for ::1 at 2015-11-18 13:33:53 -0800


Started GET "/assets/static.self-e3b0c44298fc1c149afbf4c8996fb92427ae41e4649b934ca495991b7852b855.css?body=1" for ::1 at 2015-11-18 13:33:53 -0800


Started GET "/assets/jquery_ujs.self-d456baa54c1fa6be2ec3711f0a72ddf7a5b2f34a6b4f515f33767d6207b7d4b3.js?body=1" for ::1 at 2015-11-18 13:33:53 -0800


Started GET "/assets/jquery.self-a714331225dda820228db323939889f149aec0127aeb06255646b616ba1ca419.js?body=1" for ::1 at 2015-11-18 13:33:53 -0800


Started GET "/assets/turbolinks.self-c37727e9bd6b2735da5c311aa83fead54ed0be6cc8bd9a65309e9c5abe2cbfff.js?body=1" for ::1 at 2015-11-18 13:33:53 -0800


Started GET "/assets/sessions.self-877aef30ae1b040ab8a3aba4e3e309a11d7f2612f44dde450b5c157aa5f95c05.js?body=1" for ::1 at 2015-11-18 13:33:53 -0800


Started GET "/assets/static.self-877aef30ae1b040ab8a3aba4e3e309a11d7f2612f44dde450b5c157aa5f95c05.js?body=1" for ::1 at 2015-11-18 13:33:53 -0800


Started GET "/assets/transmissions.self-877aef30ae1b040ab8a3aba4e3e309a11d7f2612f44dde450b5c157aa5f95c05.js?body=1" for ::1 at 2015-11-18 13:33:53 -0800


Started GET "/assets/application.self-3b8dabdc891efe46b9a144b400ad69e37d7e5876bdc39dee783419a69d7ca819.js?body=1" for ::1 at 2015-11-18 13:33:53 -0800


Started POST "/transmissions" for ::1 at 2015-11-18 13:34:01 -0800
Processing by TransmissionsController#create as HTML
  Parameters: {"utf8"=>"✓", "authenticity_token"=>"vw4PELQs816/UDKC3BR/M1gdqNkIOr1N1/l+n/WqBWPovWrESVEmAVrs/EEu8W3dFKHv9J3ebaILkFHWEDsbSQ==", "transmission"=>{"uid"=>"XIUQRCYSX0H4HHV7FVMCUG", "message"=>"dsafad", "codename"=>"synthesizing"}, "commit"=>"pow"}
Completed 500 Internal Server Error in 2ms (ActiveRecord: 0.0ms)

NoMethodError (undefined method `save?' for #<Transmission:0x007ff5bbb81998>):
  app/controllers/transmissions_controller.rb:16:in `create'


  Rendered /Users/hkarl/.rvm/gems/ruby-2.1.5/gems/actionpack-4.2.4/lib/action_dispatch/middleware/templates/rescues/_source.erb (5.0ms)
  Rendered /Users/hkarl/.rvm/gems/ruby-2.1.5/gems/actionpack-4.2.4/lib/action_dispatch/middleware/templates/rescues/_trace.html.erb (3.0ms)
  Rendered /Users/hkarl/.rvm/gems/ruby-2.1.5/gems/actionpack-4.2.4/lib/action_dispatch/middleware/templates/rescues/_request_and_response.html.erb (1.0ms)
  Rendered /Users/hkarl/.rvm/gems/ruby-2.1.5/gems/actionpack-4.2.4/lib/action_dispatch/middleware/templates/rescues/diagnostics.html.erb within rescues/layout (20.7ms)
  Rendered /Users/hkarl/.rvm/gems/ruby-2.1.5/gems/web-console-2.2.1/lib/web_console/templates/_markup.html.erb (0.3ms)
  Rendered /Users/hkarl/.rvm/gems/ruby-2.1.5/gems/web-console-2.2.1/lib/web_console/templates/_inner_console_markup.html.erb within layouts/inlined_string (0.2ms)
  Rendered /Users/hkarl/.rvm/gems/ruby-2.1.5/gems/web-console-2.2.1/lib/web_console/templates/_prompt_box_markup.html.erb within layouts/inlined_string (0.2ms)
  Rendered /Users/hkarl/.rvm/gems/ruby-2.1.5/gems/web-console-2.2.1/lib/web_console/templates/style.css.erb within layouts/inlined_string (0.3ms)
  Rendered /Users/hkarl/.rvm/gems/ruby-2.1.5/gems/web-console-2.2.1/lib/web_console/templates/console.js.erb within layouts/javascript (12.3ms)
  Rendered /Users/hkarl/.rvm/gems/ruby-2.1.5/gems/web-console-2.2.1/lib/web_console/templates/main.js.erb within layouts/javascript (0.3ms)
  Rendered /Users/hkarl/.rvm/gems/ruby-2.1.5/gems/web-console-2.2.1/lib/web_console/templates/error_page.js.erb within layouts/javascript (0.3ms)
  Rendered /Users/hkarl/.rvm/gems/ruby-2.1.5/gems/web-console-2.2.1/lib/web_console/templates/index.html.erb (26.3ms)


Started POST "/transmissions" for ::1 at 2015-11-18 13:34:35 -0800
Processing by TransmissionsController#create as HTML
  Parameters: {"utf8"=>"✓", "authenticity_token"=>"vw4PELQs816/UDKC3BR/M1gdqNkIOr1N1/l+n/WqBWPovWrESVEmAVrs/EEu8W3dFKHv9J3ebaILkFHWEDsbSQ==", "transmission"=>{"uid"=>"XIUQRCYSX0H4HHV7FVMCUG", "message"=>"dsafad", "codename"=>"synthesizing"}, "commit"=>"pow"}
  [1m[35m (0.1ms)[0m  begin transaction
  [1m[36mSQL (0.8ms)[0m  [1mINSERT INTO "transmissions" ("message", "uid", "codename", "created_at", "updated_at") VALUES (?, ?, ?, ?, ?)[0m  [["message", "dsafad"], ["uid", "XIUQRCYSX0H4HHV7FVMCUG"], ["codename", "synthesizing"], ["created_at", "2015-11-18 21:34:35.138729"], ["updated_at", "2015-11-18 21:34:35.138729"]]
  [1m[35m (1.4ms)[0m  commit transaction
Redirected to http://localhost:3000/
Completed 302 Found in 13ms (ActiveRecord: 2.8ms)


Started GET "/" for ::1 at 2015-11-18 13:34:35 -0800
Processing by StaticController#index as HTML
  Rendered static/index.html.erb within layouts/application (0.3ms)
Completed 200 OK in 50ms (Views: 49.7ms | ActiveRecord: 0.0ms)
  [1m[36mTransmission Load (0.1ms)[0m  [1mSELECT  "transmissions".* FROM "transmissions"  ORDER BY "transmissions"."id" DESC LIMIT 1[0m
